2024-04-17 19:18:28,879 INFO o.a.j.u.JMeterUtils: Setting Locale to en_GB
2024-04-17 19:18:28,900 INFO o.a.j.JMeter: Loading user properties from: user.properties
2024-04-17 19:18:28,900 INFO o.a.j.JMeter: Loading system properties from: system.properties
2024-04-17 19:18:28,904 INFO o.a.j.JMeter: Copyright (c) 1998-2023 The Apache Software Foundation
2024-04-17 19:18:28,904 INFO o.a.j.JMeter: Version 5.6.2
2024-04-17 19:18:28,905 INFO o.a.j.JMeter: java.version=11.0.11
2024-04-17 19:18:28,905 INFO o.a.j.JMeter: java.vm.name=OpenJDK 64-Bit Server VM
2024-04-17 19:18:28,905 INFO o.a.j.JMeter: os.name=Mac OS X
2024-04-17 19:18:28,905 INFO o.a.j.JMeter: os.arch=x86_64
2024-04-17 19:18:28,905 INFO o.a.j.JMeter: os.version=11.3
2024-04-17 19:18:28,905 INFO o.a.j.JMeter: file.encoding=UTF-8
2024-04-17 19:18:28,905 INFO o.a.j.JMeter: java.awt.headless=null
2024-04-17 19:18:28,905 INFO o.a.j.JMeter: Max memory     =8589934592
2024-04-17 19:18:28,905 INFO o.a.j.JMeter: Available Processors =16
2024-04-17 19:18:28,911 INFO o.a.j.JMeter: Default Locale=English (United Kingdom)
2024-04-17 19:18:28,911 INFO o.a.j.JMeter: JMeter  Locale=English (United Kingdom)
2024-04-17 19:18:28,911 INFO o.a.j.JMeter: JMeterHome=/Users/sadashivbyagi/Documents/Jmeter/apache-jmeter-5.6.2
2024-04-17 19:18:28,911 INFO o.a.j.JMeter: user.dir  =/Users/sadashivbyagi/Documents/Jmeter/apache-jmeter-5.6.2/bin
2024-04-17 19:18:28,912 INFO o.a.j.JMeter: PWD       =/Users/sadashivbyagi/Documents/Jmeter/apache-jmeter-5.6.2/bin
2024-04-17 19:18:28,913 INFO o.a.j.JMeter: IP: 127.0.0.1 Name: Administrators-MacBook-Pro.local FullName: localhost
2024-04-17 19:18:28,925 INFO o.a.j.JMeter: Loaded icon properties from org/apache/jmeter/images/icon.properties
2024-04-17 19:18:29,284 INFO o.a.j.JMeterGuiLauncher: Setting LAF to: laf:javax.swing.plaf.metal.MetalLookAndFeel
2024-04-17 19:18:30,139 INFO o.a.j.r.ClassFinder: Will scan jar /Users/sadashivbyagi/Documents/Jmeter/apache-jmeter-5.6.2/lib/ext/jmeter.backendlistener.azure-0.2.9.jar with filter ExtendsClassFilter [parents=[interface org.apache.jmeter.gui.action.Command], inner=false, contains=null, notContains=null]. Consider exposing JMeter plugins via META-INF/services, and add JMeter-Skip-Class-Scanning=true manifest attribute so JMeter can skip classfile scanning
2024-04-17 19:18:30,646 INFO o.a.j.r.ClassFinder: Will scan jar /Users/sadashivbyagi/Documents/Jmeter/apache-jmeter-5.6.2/lib/ext/jmeter-plugins-casutg-2.10.jar with filter ExtendsClassFilter [parents=[interface org.apache.jmeter.gui.action.Command], inner=false, contains=null, notContains=null]. Consider exposing JMeter plugins via META-INF/services, and add JMeter-Skip-Class-Scanning=true manifest attribute so JMeter can skip classfile scanning
2024-04-17 19:18:30,660 INFO o.a.j.r.ClassFinder: Will scan jar /Users/sadashivbyagi/Documents/Jmeter/apache-jmeter-5.6.2/lib/ext/jmeter-plugins-manager-1.10.jar with filter ExtendsClassFilter [parents=[interface org.apache.jmeter.gui.action.Command], inner=false, contains=null, notContains=null]. Consider exposing JMeter plugins via META-INF/services, and add JMeter-Skip-Class-Scanning=true manifest attribute so JMeter can skip classfile scanning
2024-04-17 19:18:30,723 INFO o.a.j.r.ClassFinder: Will scan jar /Users/sadashivbyagi/Documents/Jmeter/apache-jmeter-5.6.2/lib/ext/jmeter-plugins-hadoop-2.0.jar with filter ExtendsClassFilter [parents=[interface org.apache.jmeter.gui.action.Command], inner=false, contains=null, notContains=null]. Consider exposing JMeter plugins via META-INF/services, and add JMeter-Skip-Class-Scanning=true manifest attribute so JMeter can skip classfile scanning
2024-04-17 19:18:30,787 INFO o.a.j.r.ClassFinder: Will scan jar /Users/sadashivbyagi/Documents/Jmeter/apache-jmeter-5.6.2/lib/ext/jmeter.backendlistener.azure-0.2.9.jar with filter ExtendsClassFilter [parents=[interface org.apache.jmeter.gui.plugin.MenuCreator], inner=false, contains=null, notContains=null]. Consider exposing JMeter plugins via META-INF/services, and add JMeter-Skip-Class-Scanning=true manifest attribute so JMeter can skip classfile scanning
2024-04-17 19:18:30,798 INFO o.a.j.r.ClassFinder: Will scan jar /Users/sadashivbyagi/Documents/Jmeter/apache-jmeter-5.6.2/lib/ext/jmeter-plugins-casutg-2.10.jar with filter ExtendsClassFilter [parents=[interface org.apache.jmeter.gui.plugin.MenuCreator], inner=false, contains=null, notContains=null]. Consider exposing JMeter plugins via META-INF/services, and add JMeter-Skip-Class-Scanning=true manifest attribute so JMeter can skip classfile scanning
2024-04-17 19:18:30,799 INFO o.a.j.r.ClassFinder: Will scan jar /Users/sadashivbyagi/Documents/Jmeter/apache-jmeter-5.6.2/lib/ext/jmeter-plugins-manager-1.10.jar with filter ExtendsClassFilter [parents=[interface org.apache.jmeter.gui.plugin.MenuCreator], inner=false, contains=null, notContains=null]. Consider exposing JMeter plugins via META-INF/services, and add JMeter-Skip-Class-Scanning=true manifest attribute so JMeter can skip classfile scanning
2024-04-17 19:18:30,801 INFO o.a.j.r.ClassFinder: Will scan jar /Users/sadashivbyagi/Documents/Jmeter/apache-jmeter-5.6.2/lib/ext/jmeter-plugins-hadoop-2.0.jar with filter ExtendsClassFilter [parents=[interface org.apache.jmeter.gui.plugin.MenuCreator], inner=false, contains=null, notContains=null]. Consider exposing JMeter plugins via META-INF/services, and add JMeter-Skip-Class-Scanning=true manifest attribute so JMeter can skip classfile scanning
2024-04-17 19:18:30,882 INFO o.j.r.JARSourceHTTP: Requesting https://jmeter-plugins.org/repo/?installID=mac_os_x-13eceaa6443f630a4f14cc1788bb0069-gui
2024-04-17 19:18:32,238 INFO o.j.r.PluginManager: Plugins Status: [jmeter.backendlistener.azure=0.2.9, jpgc-casutg=2.10, jpgc-hadoop=2.0, jpgc-plugins-manager=1.10, jmeter-core=5.6.2, jmeter-ftp=5.6.2, jmeter-http=5.6.2, jmeter-jdbc=5.6.2, jmeter-jms=5.6.2, jmeter-junit=5.6.2, jmeter-java=5.6.2, jmeter-ldap=5.6.2, jmeter-mail=5.6.2, jmeter-mongodb=5.6.2, jmeter-native=5.6.2, jmeter-tcp=5.6.2, jmeter-components=5.6.2]
2024-04-17 19:19:07,431 INFO o.a.j.s.FileServer: Default base='/Users/sadashivbyagi/Documents/Jmeter/apache-jmeter-5.6.2/bin'
2024-04-17 19:19:07,442 INFO o.a.j.g.a.Load: Loading file: /Users/sadashivbyagi/Documents/Jmeter/apache-jmeter-5.6.2/Tests/Bookthisroom.jmx
2024-04-17 19:19:07,442 INFO o.a.j.s.FileServer: Set new base='/Users/sadashivbyagi/Documents/Jmeter/apache-jmeter-5.6.2/Tests'
2024-04-17 19:19:07,601 INFO o.a.j.s.SaveService: Testplan (JMX) version: 2.2. Testlog (JTL) version: 2.2
2024-04-17 19:19:07,609 INFO o.a.j.s.SaveService: Using SaveService properties version 5.0
2024-04-17 19:19:07,611 INFO o.a.j.s.SaveService: Using SaveService properties file encoding UTF-8
2024-04-17 19:19:07,612 INFO o.a.j.s.SaveService: Loading file: /Users/sadashivbyagi/Documents/Jmeter/apache-jmeter-5.6.2/Tests/Bookthisroom.jmx
2024-04-17 19:19:07,716 INFO o.a.j.p.h.c.CookieManager: Settings: Delete null: true Check: true Allow variable: true Save: false Prefix: COOKIE_
2024-04-17 19:19:07,720 INFO o.a.j.p.h.s.HTTPSamplerBase: Parser for text/html is org.apache.jmeter.protocol.http.parser.LagartoBasedHtmlParser
2024-04-17 19:19:07,720 INFO o.a.j.p.h.s.HTTPSamplerBase: Parser for application/xhtml+xml is org.apache.jmeter.protocol.http.parser.LagartoBasedHtmlParser
2024-04-17 19:19:07,720 INFO o.a.j.p.h.s.HTTPSamplerBase: Parser for application/xml is org.apache.jmeter.protocol.http.parser.LagartoBasedHtmlParser
2024-04-17 19:19:07,720 INFO o.a.j.p.h.s.HTTPSamplerBase: Parser for text/xml is org.apache.jmeter.protocol.http.parser.LagartoBasedHtmlParser
2024-04-17 19:19:07,720 INFO o.a.j.p.h.s.HTTPSamplerBase: Parser for text/vnd.wap.wml is org.apache.jmeter.protocol.http.parser.RegexpHTMLParser
2024-04-17 19:19:07,721 INFO o.a.j.p.h.s.HTTPSamplerBase: Parser for text/css is org.apache.jmeter.protocol.http.parser.CssParser
2024-04-17 19:19:07,899 INFO o.a.j.e.KeyToolUtils: keytool found at 'keytool'
2024-04-17 19:19:07,899 INFO o.a.j.p.h.p.ProxyControl: HTTP(S) Test Script Recorder SSL Proxy will use keys that support embedded 3rd party resources in file /Users/sadashivbyagi/Documents/Jmeter/apache-jmeter-5.6.2/bin/proxyserver.jks
2024-04-17 19:19:08,065 INFO o.a.j.s.SampleResult: Note: Sample TimeStamps are START times
2024-04-17 19:19:08,065 INFO o.a.j.s.SampleResult: sampleresult.default.encoding is set to UTF-8
2024-04-17 19:19:08,065 INFO o.a.j.s.SampleResult: sampleresult.useNanoTime=true
2024-04-17 19:19:08,065 INFO o.a.j.s.SampleResult: sampleresult.nanoThreadSleep=5000
2024-04-17 19:19:08,180 INFO o.a.j.r.ClassFinder: Will scan jar /Users/sadashivbyagi/Documents/Jmeter/apache-jmeter-5.6.2/lib/ext/jmeter.backendlistener.azure-0.2.9.jar with filter ExtendsClassFilter [parents=[interface org.apache.jmeter.visualizers.ResultRenderer], inner=false, contains=null, notContains=null]. Consider exposing JMeter plugins via META-INF/services, and add JMeter-Skip-Class-Scanning=true manifest attribute so JMeter can skip classfile scanning
2024-04-17 19:19:08,189 INFO o.a.j.r.ClassFinder: Will scan jar /Users/sadashivbyagi/Documents/Jmeter/apache-jmeter-5.6.2/lib/ext/jmeter-plugins-casutg-2.10.jar with filter ExtendsClassFilter [parents=[interface org.apache.jmeter.visualizers.ResultRenderer], inner=false, contains=null, notContains=null]. Consider exposing JMeter plugins via META-INF/services, and add JMeter-Skip-Class-Scanning=true manifest attribute so JMeter can skip classfile scanning
2024-04-17 19:19:08,189 INFO o.a.j.r.ClassFinder: Will scan jar /Users/sadashivbyagi/Documents/Jmeter/apache-jmeter-5.6.2/lib/ext/jmeter-plugins-manager-1.10.jar with filter ExtendsClassFilter [parents=[interface org.apache.jmeter.visualizers.ResultRenderer], inner=false, contains=null, notContains=null]. Consider exposing JMeter plugins via META-INF/services, and add JMeter-Skip-Class-Scanning=true manifest attribute so JMeter can skip classfile scanning
2024-04-17 19:19:08,190 INFO o.a.j.r.ClassFinder: Will scan jar /Users/sadashivbyagi/Documents/Jmeter/apache-jmeter-5.6.2/lib/ext/jmeter-plugins-hadoop-2.0.jar with filter ExtendsClassFilter [parents=[interface org.apache.jmeter.visualizers.ResultRenderer], inner=false, contains=null, notContains=null]. Consider exposing JMeter plugins via META-INF/services, and add JMeter-Skip-Class-Scanning=true manifest attribute so JMeter can skip classfile scanning
2024-04-17 19:19:08,200 INFO o.a.j.r.ClassFinder: Will scan jar /Users/sadashivbyagi/Documents/Jmeter/apache-jmeter-5.6.2/lib/ext/jmeter.backendlistener.azure-0.2.9.jar with filter ExtendsClassFilter [parents=[interface org.apache.jmeter.visualizers.RequestView], inner=false, contains=null, notContains=null]. Consider exposing JMeter plugins via META-INF/services, and add JMeter-Skip-Class-Scanning=true manifest attribute so JMeter can skip classfile scanning
2024-04-17 19:19:08,208 INFO o.a.j.r.ClassFinder: Will scan jar /Users/sadashivbyagi/Documents/Jmeter/apache-jmeter-5.6.2/lib/ext/jmeter-plugins-casutg-2.10.jar with filter ExtendsClassFilter [parents=[interface org.apache.jmeter.visualizers.RequestView], inner=false, contains=null, notContains=null]. Consider exposing JMeter plugins via META-INF/services, and add JMeter-Skip-Class-Scanning=true manifest attribute so JMeter can skip classfile scanning
2024-04-17 19:19:08,209 INFO o.a.j.r.ClassFinder: Will scan jar /Users/sadashivbyagi/Documents/Jmeter/apache-jmeter-5.6.2/lib/ext/jmeter-plugins-manager-1.10.jar with filter ExtendsClassFilter [parents=[interface org.apache.jmeter.visualizers.RequestView], inner=false, contains=null, notContains=null]. Consider exposing JMeter plugins via META-INF/services, and add JMeter-Skip-Class-Scanning=true manifest attribute so JMeter can skip classfile scanning
2024-04-17 19:19:08,210 INFO o.a.j.r.ClassFinder: Will scan jar /Users/sadashivbyagi/Documents/Jmeter/apache-jmeter-5.6.2/lib/ext/jmeter-plugins-hadoop-2.0.jar with filter ExtendsClassFilter [parents=[interface org.apache.jmeter.visualizers.RequestView], inner=false, contains=null, notContains=null]. Consider exposing JMeter plugins via META-INF/services, and add JMeter-Skip-Class-Scanning=true manifest attribute so JMeter can skip classfile scanning
2024-04-17 19:19:08,311 INFO o.a.j.r.ClassFinder: Will scan jar /Users/sadashivbyagi/Documents/Jmeter/apache-jmeter-5.6.2/lib/ext/jmeter.backendlistener.azure-0.2.9.jar with filter ExtendsClassFilter [parents=[interface org.apache.jmeter.visualizers.ResultRenderer], inner=false, contains=null, notContains=null]. Consider exposing JMeter plugins via META-INF/services, and add JMeter-Skip-Class-Scanning=true manifest attribute so JMeter can skip classfile scanning
2024-04-17 19:19:08,319 INFO o.a.j.r.ClassFinder: Will scan jar /Users/sadashivbyagi/Documents/Jmeter/apache-jmeter-5.6.2/lib/ext/jmeter-plugins-casutg-2.10.jar with filter ExtendsClassFilter [parents=[interface org.apache.jmeter.visualizers.ResultRenderer], inner=false, contains=null, notContains=null]. Consider exposing JMeter plugins via META-INF/services, and add JMeter-Skip-Class-Scanning=true manifest attribute so JMeter can skip classfile scanning
2024-04-17 19:19:08,319 INFO o.a.j.r.ClassFinder: Will scan jar /Users/sadashivbyagi/Documents/Jmeter/apache-jmeter-5.6.2/lib/ext/jmeter-plugins-manager-1.10.jar with filter ExtendsClassFilter [parents=[interface org.apache.jmeter.visualizers.ResultRenderer], inner=false, contains=null, notContains=null]. Consider exposing JMeter plugins via META-INF/services, and add JMeter-Skip-Class-Scanning=true manifest attribute so JMeter can skip classfile scanning
2024-04-17 19:19:08,320 INFO o.a.j.r.ClassFinder: Will scan jar /Users/sadashivbyagi/Documents/Jmeter/apache-jmeter-5.6.2/lib/ext/jmeter-plugins-hadoop-2.0.jar with filter ExtendsClassFilter [parents=[interface org.apache.jmeter.visualizers.ResultRenderer], inner=false, contains=null, notContains=null]. Consider exposing JMeter plugins via META-INF/services, and add JMeter-Skip-Class-Scanning=true manifest attribute so JMeter can skip classfile scanning
2024-04-17 19:19:08,326 INFO o.a.j.r.ClassFinder: Will scan jar /Users/sadashivbyagi/Documents/Jmeter/apache-jmeter-5.6.2/lib/ext/jmeter.backendlistener.azure-0.2.9.jar with filter ExtendsClassFilter [parents=[interface org.apache.jmeter.visualizers.RequestView], inner=false, contains=null, notContains=null]. Consider exposing JMeter plugins via META-INF/services, and add JMeter-Skip-Class-Scanning=true manifest attribute so JMeter can skip classfile scanning
2024-04-17 19:19:08,334 INFO o.a.j.r.ClassFinder: Will scan jar /Users/sadashivbyagi/Documents/Jmeter/apache-jmeter-5.6.2/lib/ext/jmeter-plugins-casutg-2.10.jar with filter ExtendsClassFilter [parents=[interface org.apache.jmeter.visualizers.RequestView], inner=false, contains=null, notContains=null]. Consider exposing JMeter plugins via META-INF/services, and add JMeter-Skip-Class-Scanning=true manifest attribute so JMeter can skip classfile scanning
2024-04-17 19:19:08,334 INFO o.a.j.r.ClassFinder: Will scan jar /Users/sadashivbyagi/Documents/Jmeter/apache-jmeter-5.6.2/lib/ext/jmeter-plugins-manager-1.10.jar with filter ExtendsClassFilter [parents=[interface org.apache.jmeter.visualizers.RequestView], inner=false, contains=null, notContains=null]. Consider exposing JMeter plugins via META-INF/services, and add JMeter-Skip-Class-Scanning=true manifest attribute so JMeter can skip classfile scanning
2024-04-17 19:19:08,335 INFO o.a.j.r.ClassFinder: Will scan jar /Users/sadashivbyagi/Documents/Jmeter/apache-jmeter-5.6.2/lib/ext/jmeter-plugins-hadoop-2.0.jar with filter ExtendsClassFilter [parents=[interface org.apache.jmeter.visualizers.RequestView], inner=false, contains=null, notContains=null]. Consider exposing JMeter plugins via META-INF/services, and add JMeter-Skip-Class-Scanning=true manifest attribute so JMeter can skip classfile scanning
2024-04-17 19:19:08,356 INFO o.a.j.s.FileServer: Set new base='/Users/sadashivbyagi/Documents/Jmeter/apache-jmeter-5.6.2/Tests'
2024-04-17 19:19:52,062 INFO o.a.j.g.a.Load: Merging file: /Users/sadashivbyagi/Documents/Jmeter/apache-jmeter-5.6.2/Tests/Bookthisroom.jmx
2024-04-17 19:19:52,062 INFO o.a.j.s.SaveService: Loading file: /Users/sadashivbyagi/Documents/Jmeter/apache-jmeter-5.6.2/Tests/Bookthisroom.jmx
2024-04-17 19:19:52,118 INFO o.a.j.r.ClassFinder: Will scan jar /Users/sadashivbyagi/Documents/Jmeter/apache-jmeter-5.6.2/lib/ext/jmeter.backendlistener.azure-0.2.9.jar with filter ExtendsClassFilter [parents=[interface org.apache.jmeter.visualizers.ResultRenderer], inner=false, contains=null, notContains=null]. Consider exposing JMeter plugins via META-INF/services, and add JMeter-Skip-Class-Scanning=true manifest attribute so JMeter can skip classfile scanning
2024-04-17 19:19:52,126 INFO o.a.j.r.ClassFinder: Will scan jar /Users/sadashivbyagi/Documents/Jmeter/apache-jmeter-5.6.2/lib/ext/jmeter-plugins-casutg-2.10.jar with filter ExtendsClassFilter [parents=[interface org.apache.jmeter.visualizers.ResultRenderer], inner=false, contains=null, notContains=null]. Consider exposing JMeter plugins via META-INF/services, and add JMeter-Skip-Class-Scanning=true manifest attribute so JMeter can skip classfile scanning
2024-04-17 19:19:52,126 INFO o.a.j.r.ClassFinder: Will scan jar /Users/sadashivbyagi/Documents/Jmeter/apache-jmeter-5.6.2/lib/ext/jmeter-plugins-manager-1.10.jar with filter ExtendsClassFilter [parents=[interface org.apache.jmeter.visualizers.ResultRenderer], inner=false, contains=null, notContains=null]. Consider exposing JMeter plugins via META-INF/services, and add JMeter-Skip-Class-Scanning=true manifest attribute so JMeter can skip classfile scanning
2024-04-17 19:19:52,127 INFO o.a.j.r.ClassFinder: Will scan jar /Users/sadashivbyagi/Documents/Jmeter/apache-jmeter-5.6.2/lib/ext/jmeter-plugins-hadoop-2.0.jar with filter ExtendsClassFilter [parents=[interface org.apache.jmeter.visualizers.ResultRenderer], inner=false, contains=null, notContains=null]. Consider exposing JMeter plugins via META-INF/services, and add JMeter-Skip-Class-Scanning=true manifest attribute so JMeter can skip classfile scanning
2024-04-17 19:19:52,133 INFO o.a.j.r.ClassFinder: Will scan jar /Users/sadashivbyagi/Documents/Jmeter/apache-jmeter-5.6.2/lib/ext/jmeter.backendlistener.azure-0.2.9.jar with filter ExtendsClassFilter [parents=[interface org.apache.jmeter.visualizers.RequestView], inner=false, contains=null, notContains=null]. Consider exposing JMeter plugins via META-INF/services, and add JMeter-Skip-Class-Scanning=true manifest attribute so JMeter can skip classfile scanning
2024-04-17 19:19:52,141 INFO o.a.j.r.ClassFinder: Will scan jar /Users/sadashivbyagi/Documents/Jmeter/apache-jmeter-5.6.2/lib/ext/jmeter-plugins-casutg-2.10.jar with filter ExtendsClassFilter [parents=[interface org.apache.jmeter.visualizers.RequestView], inner=false, contains=null, notContains=null]. Consider exposing JMeter plugins via META-INF/services, and add JMeter-Skip-Class-Scanning=true manifest attribute so JMeter can skip classfile scanning
2024-04-17 19:19:52,142 INFO o.a.j.r.ClassFinder: Will scan jar /Users/sadashivbyagi/Documents/Jmeter/apache-jmeter-5.6.2/lib/ext/jmeter-plugins-manager-1.10.jar with filter ExtendsClassFilter [parents=[interface org.apache.jmeter.visualizers.RequestView], inner=false, contains=null, notContains=null]. Consider exposing JMeter plugins via META-INF/services, and add JMeter-Skip-Class-Scanning=true manifest attribute so JMeter can skip classfile scanning
2024-04-17 19:19:52,142 INFO o.a.j.r.ClassFinder: Will scan jar /Users/sadashivbyagi/Documents/Jmeter/apache-jmeter-5.6.2/lib/ext/jmeter-plugins-hadoop-2.0.jar with filter ExtendsClassFilter [parents=[interface org.apache.jmeter.visualizers.RequestView], inner=false, contains=null, notContains=null]. Consider exposing JMeter plugins via META-INF/services, and add JMeter-Skip-Class-Scanning=true manifest attribute so JMeter can skip classfile scanning
2024-04-17 19:19:52,191 INFO o.a.j.r.ClassFinder: Will scan jar /Users/sadashivbyagi/Documents/Jmeter/apache-jmeter-5.6.2/lib/ext/jmeter.backendlistener.azure-0.2.9.jar with filter ExtendsClassFilter [parents=[interface org.apache.jmeter.visualizers.ResultRenderer], inner=false, contains=null, notContains=null]. Consider exposing JMeter plugins via META-INF/services, and add JMeter-Skip-Class-Scanning=true manifest attribute so JMeter can skip classfile scanning
2024-04-17 19:19:52,201 INFO o.a.j.r.ClassFinder: Will scan jar /Users/sadashivbyagi/Documents/Jmeter/apache-jmeter-5.6.2/lib/ext/jmeter-plugins-casutg-2.10.jar with filter ExtendsClassFilter [parents=[interface org.apache.jmeter.visualizers.ResultRenderer], inner=false, contains=null, notContains=null]. Consider exposing JMeter plugins via META-INF/services, and add JMeter-Skip-Class-Scanning=true manifest attribute so JMeter can skip classfile scanning
2024-04-17 19:19:52,201 INFO o.a.j.r.ClassFinder: Will scan jar /Users/sadashivbyagi/Documents/Jmeter/apache-jmeter-5.6.2/lib/ext/jmeter-plugins-manager-1.10.jar with filter ExtendsClassFilter [parents=[interface org.apache.jmeter.visualizers.ResultRenderer], inner=false, contains=null, notContains=null]. Consider exposing JMeter plugins via META-INF/services, and add JMeter-Skip-Class-Scanning=true manifest attribute so JMeter can skip classfile scanning
2024-04-17 19:19:52,202 INFO o.a.j.r.ClassFinder: Will scan jar /Users/sadashivbyagi/Documents/Jmeter/apache-jmeter-5.6.2/lib/ext/jmeter-plugins-hadoop-2.0.jar with filter ExtendsClassFilter [parents=[interface org.apache.jmeter.visualizers.ResultRenderer], inner=false, contains=null, notContains=null]. Consider exposing JMeter plugins via META-INF/services, and add JMeter-Skip-Class-Scanning=true manifest attribute so JMeter can skip classfile scanning
2024-04-17 19:19:52,209 INFO o.a.j.r.ClassFinder: Will scan jar /Users/sadashivbyagi/Documents/Jmeter/apache-jmeter-5.6.2/lib/ext/jmeter.backendlistener.azure-0.2.9.jar with filter ExtendsClassFilter [parents=[interface org.apache.jmeter.visualizers.RequestView], inner=false, contains=null, notContains=null]. Consider exposing JMeter plugins via META-INF/services, and add JMeter-Skip-Class-Scanning=true manifest attribute so JMeter can skip classfile scanning
2024-04-17 19:19:52,218 INFO o.a.j.r.ClassFinder: Will scan jar /Users/sadashivbyagi/Documents/Jmeter/apache-jmeter-5.6.2/lib/ext/jmeter-plugins-casutg-2.10.jar with filter ExtendsClassFilter [parents=[interface org.apache.jmeter.visualizers.RequestView], inner=false, contains=null, notContains=null]. Consider exposing JMeter plugins via META-INF/services, and add JMeter-Skip-Class-Scanning=true manifest attribute so JMeter can skip classfile scanning
2024-04-17 19:19:52,218 INFO o.a.j.r.ClassFinder: Will scan jar /Users/sadashivbyagi/Documents/Jmeter/apache-jmeter-5.6.2/lib/ext/jmeter-plugins-manager-1.10.jar with filter ExtendsClassFilter [parents=[interface org.apache.jmeter.visualizers.RequestView], inner=false, contains=null, notContains=null]. Consider exposing JMeter plugins via META-INF/services, and add JMeter-Skip-Class-Scanning=true manifest attribute so JMeter can skip classfile scanning
2024-04-17 19:19:52,219 INFO o.a.j.r.ClassFinder: Will scan jar /Users/sadashivbyagi/Documents/Jmeter/apache-jmeter-5.6.2/lib/ext/jmeter-plugins-hadoop-2.0.jar with filter ExtendsClassFilter [parents=[interface org.apache.jmeter.visualizers.RequestView], inner=false, contains=null, notContains=null]. Consider exposing JMeter plugins via META-INF/services, and add JMeter-Skip-Class-Scanning=true manifest attribute so JMeter can skip classfile scanning
2024-04-17 19:21:46,104 INFO o.a.j.e.StandardJMeterEngine: Running the test!
2024-04-17 19:21:46,105 INFO o.a.j.s.SampleEvent: List of sample_variables: []
2024-04-17 19:21:46,105 INFO o.a.j.s.SampleEvent: List of sample_variables: []
2024-04-17 19:21:46,106 INFO o.a.j.e.u.CompoundVariable: Note: Function class names must contain the string: '.functions.'
2024-04-17 19:21:46,106 INFO o.a.j.e.u.CompoundVariable: Note: Function class names must not contain the string: '.gui.'
2024-04-17 19:21:46,297 INFO o.a.j.r.ClassFinder: Will scan jar /Users/sadashivbyagi/Documents/Jmeter/apache-jmeter-5.6.2/lib/ext/jmeter.backendlistener.azure-0.2.9.jar with filter ExtendsClassFilter [parents=[interface org.apache.jmeter.functions.Function], inner=false, contains=null, notContains=null]. Consider exposing JMeter plugins via META-INF/services, and add JMeter-Skip-Class-Scanning=true manifest attribute so JMeter can skip classfile scanning
2024-04-17 19:21:46,304 INFO o.a.j.r.ClassFinder: Will scan jar /Users/sadashivbyagi/Documents/Jmeter/apache-jmeter-5.6.2/lib/ext/jmeter-plugins-casutg-2.10.jar with filter ExtendsClassFilter [parents=[interface org.apache.jmeter.functions.Function], inner=false, contains=null, notContains=null]. Consider exposing JMeter plugins via META-INF/services, and add JMeter-Skip-Class-Scanning=true manifest attribute so JMeter can skip classfile scanning
2024-04-17 19:21:46,305 INFO o.a.j.r.ClassFinder: Will scan jar /Users/sadashivbyagi/Documents/Jmeter/apache-jmeter-5.6.2/lib/ext/jmeter-plugins-manager-1.10.jar with filter ExtendsClassFilter [parents=[interface org.apache.jmeter.functions.Function], inner=false, contains=null, notContains=null]. Consider exposing JMeter plugins via META-INF/services, and add JMeter-Skip-Class-Scanning=true manifest attribute so JMeter can skip classfile scanning
2024-04-17 19:21:46,305 INFO o.a.j.r.ClassFinder: Will scan jar /Users/sadashivbyagi/Documents/Jmeter/apache-jmeter-5.6.2/lib/ext/jmeter-plugins-hadoop-2.0.jar with filter ExtendsClassFilter [parents=[interface org.apache.jmeter.functions.Function], inner=false, contains=null, notContains=null]. Consider exposing JMeter plugins via META-INF/services, and add JMeter-Skip-Class-Scanning=true manifest attribute so JMeter can skip classfile scanning
2024-04-17 19:21:46,313 INFO o.a.j.g.u.JMeterMenuBar: setRunning(true, *local*)
2024-04-17 19:21:46,341 INFO o.a.j.e.StandardJMeterEngine: Starting ThreadGroup: 1 : Automation Online - Load Testing
2024-04-17 19:21:46,341 INFO o.a.j.e.StandardJMeterEngine: Starting 1 threads for group Automation Online - Load Testing.
2024-04-17 19:21:46,341 INFO o.a.j.e.StandardJMeterEngine: Thread will continue on error
2024-04-17 19:21:46,342 INFO o.a.j.t.ThreadGroup: Starting thread group... number=1 threads=1 ramp-up=1 delayedStart=false
2024-04-17 19:21:46,343 INFO o.a.j.t.ThreadGroup: Started thread group number 1
2024-04-17 19:21:46,343 INFO o.a.j.e.StandardJMeterEngine: All thread groups have been started
2024-04-17 19:21:46,346 INFO o.a.j.t.JMeterThread: Thread started: Automation Online - Load Testing 1-1
2024-04-17 19:21:46,353 INFO o.a.j.p.h.s.HTTPHCAbstractImpl: Local host = Administrators-MacBook-Pro.local
2024-04-17 19:21:46,357 INFO o.a.j.p.h.s.HTTPHC4Impl: HTTP request retry count = 0
2024-04-17 19:21:46,396 INFO o.a.j.p.h.s.h.LazyLayeredConnectionSocketFactory: Setting up HTTPS TrustAll Socket Factory
2024-04-17 19:21:46,398 INFO o.a.j.u.JsseSSLManager: Using default SSL protocol: TLS
2024-04-17 19:21:46,398 INFO o.a.j.u.JsseSSLManager: SSL session context: per-thread
2024-04-17 19:21:46,408 INFO o.a.j.u.SSLManager: JmeterKeyStore Location:  type JKS
2024-04-17 19:21:46,409 INFO o.a.j.u.SSLManager: KeyStore created OK
2024-04-17 19:21:46,409 WARN o.a.j.u.SSLManager: Keystore file not found, loading empty keystore
2024-04-17 19:21:46,936 INFO o.a.j.t.JMeterThread: Thread is done: Automation Online - Load Testing 1-1
2024-04-17 19:21:46,936 INFO o.a.j.t.JMeterThread: Thread finished: Automation Online - Load Testing 1-1
2024-04-17 19:21:46,938 INFO o.a.j.e.StandardJMeterEngine: Notifying test listeners of end of test
2024-04-17 19:21:46,938 INFO o.a.j.g.u.JMeterMenuBar: setRunning(false, *local*)
2024-04-17 19:22:49,586 INFO o.a.j.g.a.Load: Merging file: /Users/sadashivbyagi/Documents/Jmeter/apache-jmeter-5.6.2/Tests/Bookthisroom.jmx
2024-04-17 19:22:49,586 INFO o.a.j.s.SaveService: Loading file: /Users/sadashivbyagi/Documents/Jmeter/apache-jmeter-5.6.2/Tests/Bookthisroom.jmx
2024-04-17 19:22:49,634 INFO o.a.j.r.ClassFinder: Will scan jar /Users/sadashivbyagi/Documents/Jmeter/apache-jmeter-5.6.2/lib/ext/jmeter.backendlistener.azure-0.2.9.jar with filter ExtendsClassFilter [parents=[interface org.apache.jmeter.visualizers.ResultRenderer], inner=false, contains=null, notContains=null]. Consider exposing JMeter plugins via META-INF/services, and add JMeter-Skip-Class-Scanning=true manifest attribute so JMeter can skip classfile scanning
2024-04-17 19:22:49,641 INFO o.a.j.r.ClassFinder: Will scan jar /Users/sadashivbyagi/Documents/Jmeter/apache-jmeter-5.6.2/lib/ext/jmeter-plugins-casutg-2.10.jar with filter ExtendsClassFilter [parents=[interface org.apache.jmeter.visualizers.ResultRenderer], inner=false, contains=null, notContains=null]. Consider exposing JMeter plugins via META-INF/services, and add JMeter-Skip-Class-Scanning=true manifest attribute so JMeter can skip classfile scanning
2024-04-17 19:22:49,642 INFO o.a.j.r.ClassFinder: Will scan jar /Users/sadashivbyagi/Documents/Jmeter/apache-jmeter-5.6.2/lib/ext/jmeter-plugins-manager-1.10.jar with filter ExtendsClassFilter [parents=[interface org.apache.jmeter.visualizers.ResultRenderer], inner=false, contains=null, notContains=null]. Consider exposing JMeter plugins via META-INF/services, and add JMeter-Skip-Class-Scanning=true manifest attribute so JMeter can skip classfile scanning
2024-04-17 19:22:49,643 INFO o.a.j.r.ClassFinder: Will scan jar /Users/sadashivbyagi/Documents/Jmeter/apache-jmeter-5.6.2/lib/ext/jmeter-plugins-hadoop-2.0.jar with filter ExtendsClassFilter [parents=[interface org.apache.jmeter.visualizers.ResultRenderer], inner=false, contains=null, notContains=null]. Consider exposing JMeter plugins via META-INF/services, and add JMeter-Skip-Class-Scanning=true manifest attribute so JMeter can skip classfile scanning
2024-04-17 19:22:49,648 INFO o.a.j.r.ClassFinder: Will scan jar /Users/sadashivbyagi/Documents/Jmeter/apache-jmeter-5.6.2/lib/ext/jmeter.backendlistener.azure-0.2.9.jar with filter ExtendsClassFilter [parents=[interface org.apache.jmeter.visualizers.RequestView], inner=false, contains=null, notContains=null]. Consider exposing JMeter plugins via META-INF/services, and add JMeter-Skip-Class-Scanning=true manifest attribute so JMeter can skip classfile scanning
2024-04-17 19:22:49,655 INFO o.a.j.r.ClassFinder: Will scan jar /Users/sadashivbyagi/Documents/Jmeter/apache-jmeter-5.6.2/lib/ext/jmeter-plugins-casutg-2.10.jar with filter ExtendsClassFilter [parents=[interface org.apache.jmeter.visualizers.RequestView], inner=false, contains=null, notContains=null]. Consider exposing JMeter plugins via META-INF/services, and add JMeter-Skip-Class-Scanning=true manifest attribute so JMeter can skip classfile scanning
2024-04-17 19:22:49,655 INFO o.a.j.r.ClassFinder: Will scan jar /Users/sadashivbyagi/Documents/Jmeter/apache-jmeter-5.6.2/lib/ext/jmeter-plugins-manager-1.10.jar with filter ExtendsClassFilter [parents=[interface org.apache.jmeter.visualizers.RequestView], inner=false, contains=null, notContains=null]. Consider exposing JMeter plugins via META-INF/services, and add JMeter-Skip-Class-Scanning=true manifest attribute so JMeter can skip classfile scanning
2024-04-17 19:22:49,656 INFO o.a.j.r.ClassFinder: Will scan jar /Users/sadashivbyagi/Documents/Jmeter/apache-jmeter-5.6.2/lib/ext/jmeter-plugins-hadoop-2.0.jar with filter ExtendsClassFilter [parents=[interface org.apache.jmeter.visualizers.RequestView], inner=false, contains=null, notContains=null]. Consider exposing JMeter plugins via META-INF/services, and add JMeter-Skip-Class-Scanning=true manifest attribute so JMeter can skip classfile scanning
2024-04-17 19:22:49,703 INFO o.a.j.r.ClassFinder: Will scan jar /Users/sadashivbyagi/Documents/Jmeter/apache-jmeter-5.6.2/lib/ext/jmeter.backendlistener.azure-0.2.9.jar with filter ExtendsClassFilter [parents=[interface org.apache.jmeter.visualizers.ResultRenderer], inner=false, contains=null, notContains=null]. Consider exposing JMeter plugins via META-INF/services, and add JMeter-Skip-Class-Scanning=true manifest attribute so JMeter can skip classfile scanning
2024-04-17 19:22:49,712 INFO o.a.j.r.ClassFinder: Will scan jar /Users/sadashivbyagi/Documents/Jmeter/apache-jmeter-5.6.2/lib/ext/jmeter-plugins-casutg-2.10.jar with filter ExtendsClassFilter [parents=[interface org.apache.jmeter.visualizers.ResultRenderer], inner=false, contains=null, notContains=null]. Consider exposing JMeter plugins via META-INF/services, and add JMeter-Skip-Class-Scanning=true manifest attribute so JMeter can skip classfile scanning
2024-04-17 19:22:49,712 INFO o.a.j.r.ClassFinder: Will scan jar /Users/sadashivbyagi/Documents/Jmeter/apache-jmeter-5.6.2/lib/ext/jmeter-plugins-manager-1.10.jar with filter ExtendsClassFilter [parents=[interface org.apache.jmeter.visualizers.ResultRenderer], inner=false, contains=null, notContains=null]. Consider exposing JMeter plugins via META-INF/services, and add JMeter-Skip-Class-Scanning=true manifest attribute so JMeter can skip classfile scanning
2024-04-17 19:22:49,713 INFO o.a.j.r.ClassFinder: Will scan jar /Users/sadashivbyagi/Documents/Jmeter/apache-jmeter-5.6.2/lib/ext/jmeter-plugins-hadoop-2.0.jar with filter ExtendsClassFilter [parents=[interface org.apache.jmeter.visualizers.ResultRenderer], inner=false, contains=null, notContains=null]. Consider exposing JMeter plugins via META-INF/services, and add JMeter-Skip-Class-Scanning=true manifest attribute so JMeter can skip classfile scanning
2024-04-17 19:22:49,718 INFO o.a.j.r.ClassFinder: Will scan jar /Users/sadashivbyagi/Documents/Jmeter/apache-jmeter-5.6.2/lib/ext/jmeter.backendlistener.azure-0.2.9.jar with filter ExtendsClassFilter [parents=[interface org.apache.jmeter.visualizers.RequestView], inner=false, contains=null, notContains=null]. Consider exposing JMeter plugins via META-INF/services, and add JMeter-Skip-Class-Scanning=true manifest attribute so JMeter can skip classfile scanning
2024-04-17 19:22:49,725 INFO o.a.j.r.ClassFinder: Will scan jar /Users/sadashivbyagi/Documents/Jmeter/apache-jmeter-5.6.2/lib/ext/jmeter-plugins-casutg-2.10.jar with filter ExtendsClassFilter [parents=[interface org.apache.jmeter.visualizers.RequestView], inner=false, contains=null, notContains=null]. Consider exposing JMeter plugins via META-INF/services, and add JMeter-Skip-Class-Scanning=true manifest attribute so JMeter can skip classfile scanning
2024-04-17 19:22:49,726 INFO o.a.j.r.ClassFinder: Will scan jar /Users/sadashivbyagi/Documents/Jmeter/apache-jmeter-5.6.2/lib/ext/jmeter-plugins-manager-1.10.jar with filter ExtendsClassFilter [parents=[interface org.apache.jmeter.visualizers.RequestView], inner=false, contains=null, notContains=null]. Consider exposing JMeter plugins via META-INF/services, and add JMeter-Skip-Class-Scanning=true manifest attribute so JMeter can skip classfile scanning
2024-04-17 19:22:49,727 INFO o.a.j.r.ClassFinder: Will scan jar /Users/sadashivbyagi/Documents/Jmeter/apache-jmeter-5.6.2/lib/ext/jmeter-plugins-hadoop-2.0.jar with filter ExtendsClassFilter [parents=[interface org.apache.jmeter.visualizers.RequestView], inner=false, contains=null, notContains=null]. Consider exposing JMeter plugins via META-INF/services, and add JMeter-Skip-Class-Scanning=true manifest attribute so JMeter can skip classfile scanning
2024-04-18 10:46:06,588 INFO o.a.j.g.a.Load: Merging file: /Users/sadashivbyagi/Documents/Jmeter/apache-jmeter-5.6.2/Tests/Bookthisroom.jmx
2024-04-18 10:46:06,588 INFO o.a.j.s.SaveService: Loading file: /Users/sadashivbyagi/Documents/Jmeter/apache-jmeter-5.6.2/Tests/Bookthisroom.jmx
2024-04-18 10:46:06,642 INFO o.a.j.r.ClassFinder: Will scan jar /Users/sadashivbyagi/Documents/Jmeter/apache-jmeter-5.6.2/lib/ext/jmeter.backendlistener.azure-0.2.9.jar with filter ExtendsClassFilter [parents=[interface org.apache.jmeter.visualizers.ResultRenderer], inner=false, contains=null, notContains=null]. Consider exposing JMeter plugins via META-INF/services, and add JMeter-Skip-Class-Scanning=true manifest attribute so JMeter can skip classfile scanning
2024-04-18 10:46:06,650 INFO o.a.j.r.ClassFinder: Will scan jar /Users/sadashivbyagi/Documents/Jmeter/apache-jmeter-5.6.2/lib/ext/jmeter-plugins-casutg-2.10.jar with filter ExtendsClassFilter [parents=[interface org.apache.jmeter.visualizers.ResultRenderer], inner=false, contains=null, notContains=null]. Consider exposing JMeter plugins via META-INF/services, and add JMeter-Skip-Class-Scanning=true manifest attribute so JMeter can skip classfile scanning
2024-04-18 10:46:06,650 INFO o.a.j.r.ClassFinder: Will scan jar /Users/sadashivbyagi/Documents/Jmeter/apache-jmeter-5.6.2/lib/ext/jmeter-plugins-manager-1.10.jar with filter ExtendsClassFilter [parents=[interface org.apache.jmeter.visualizers.ResultRenderer], inner=false, contains=null, notContains=null]. Consider exposing JMeter plugins via META-INF/services, and add JMeter-Skip-Class-Scanning=true manifest attribute so JMeter can skip classfile scanning
2024-04-18 10:46:06,651 INFO o.a.j.r.ClassFinder: Will scan jar /Users/sadashivbyagi/Documents/Jmeter/apache-jmeter-5.6.2/lib/ext/jmeter-plugins-hadoop-2.0.jar with filter ExtendsClassFilter [parents=[interface org.apache.jmeter.visualizers.ResultRenderer], inner=false, contains=null, notContains=null]. Consider exposing JMeter plugins via META-INF/services, and add JMeter-Skip-Class-Scanning=true manifest attribute so JMeter can skip classfile scanning
2024-04-18 10:46:06,656 INFO o.a.j.r.ClassFinder: Will scan jar /Users/sadashivbyagi/Documents/Jmeter/apache-jmeter-5.6.2/lib/ext/jmeter.backendlistener.azure-0.2.9.jar with filter ExtendsClassFilter [parents=[interface org.apache.jmeter.visualizers.RequestView], inner=false, contains=null, notContains=null]. Consider exposing JMeter plugins via META-INF/services, and add JMeter-Skip-Class-Scanning=true manifest attribute so JMeter can skip classfile scanning
2024-04-18 10:46:06,666 INFO o.a.j.r.ClassFinder: Will scan jar /Users/sadashivbyagi/Documents/Jmeter/apache-jmeter-5.6.2/lib/ext/jmeter-plugins-casutg-2.10.jar with filter ExtendsClassFilter [parents=[interface org.apache.jmeter.visualizers.RequestView], inner=false, contains=null, notContains=null]. Consider exposing JMeter plugins via META-INF/services, and add JMeter-Skip-Class-Scanning=true manifest attribute so JMeter can skip classfile scanning
2024-04-18 10:46:06,666 INFO o.a.j.r.ClassFinder: Will scan jar /Users/sadashivbyagi/Documents/Jmeter/apache-jmeter-5.6.2/lib/ext/jmeter-plugins-manager-1.10.jar with filter ExtendsClassFilter [parents=[interface org.apache.jmeter.visualizers.RequestView], inner=false, contains=null, notContains=null]. Consider exposing JMeter plugins via META-INF/services, and add JMeter-Skip-Class-Scanning=true manifest attribute so JMeter can skip classfile scanning
2024-04-18 10:46:06,667 INFO o.a.j.r.ClassFinder: Will scan jar /Users/sadashivbyagi/Documents/Jmeter/apache-jmeter-5.6.2/lib/ext/jmeter-plugins-hadoop-2.0.jar with filter ExtendsClassFilter [parents=[interface org.apache.jmeter.visualizers.RequestView], inner=false, contains=null, notContains=null]. Consider exposing JMeter plugins via META-INF/services, and add JMeter-Skip-Class-Scanning=true manifest attribute so JMeter can skip classfile scanning
2024-04-18 10:46:06,754 INFO o.a.j.r.ClassFinder: Will scan jar /Users/sadashivbyagi/Documents/Jmeter/apache-jmeter-5.6.2/lib/ext/jmeter.backendlistener.azure-0.2.9.jar with filter ExtendsClassFilter [parents=[interface org.apache.jmeter.visualizers.ResultRenderer], inner=false, contains=null, notContains=null]. Consider exposing JMeter plugins via META-INF/services, and add JMeter-Skip-Class-Scanning=true manifest attribute so JMeter can skip classfile scanning
2024-04-18 10:46:06,763 INFO o.a.j.r.ClassFinder: Will scan jar /Users/sadashivbyagi/Documents/Jmeter/apache-jmeter-5.6.2/lib/ext/jmeter-plugins-casutg-2.10.jar with filter ExtendsClassFilter [parents=[interface org.apache.jmeter.visualizers.ResultRenderer], inner=false, contains=null, notContains=null]. Consider exposing JMeter plugins via META-INF/services, and add JMeter-Skip-Class-Scanning=true manifest attribute so JMeter can skip classfile scanning
2024-04-18 10:46:06,763 INFO o.a.j.r.ClassFinder: Will scan jar /Users/sadashivbyagi/Documents/Jmeter/apache-jmeter-5.6.2/lib/ext/jmeter-plugins-manager-1.10.jar with filter ExtendsClassFilter [parents=[interface org.apache.jmeter.visualizers.ResultRenderer], inner=false, contains=null, notContains=null]. Consider exposing JMeter plugins via META-INF/services, and add JMeter-Skip-Class-Scanning=true manifest attribute so JMeter can skip classfile scanning
2024-04-18 10:46:06,764 INFO o.a.j.r.ClassFinder: Will scan jar /Users/sadashivbyagi/Documents/Jmeter/apache-jmeter-5.6.2/lib/ext/jmeter-plugins-hadoop-2.0.jar with filter ExtendsClassFilter [parents=[interface org.apache.jmeter.visualizers.ResultRenderer], inner=false, contains=null, notContains=null]. Consider exposing JMeter plugins via META-INF/services, and add JMeter-Skip-Class-Scanning=true manifest attribute so JMeter can skip classfile scanning
2024-04-18 10:46:06,768 INFO o.a.j.r.ClassFinder: Will scan jar /Users/sadashivbyagi/Documents/Jmeter/apache-jmeter-5.6.2/lib/ext/jmeter.backendlistener.azure-0.2.9.jar with filter ExtendsClassFilter [parents=[interface org.apache.jmeter.visualizers.RequestView], inner=false, contains=null, notContains=null]. Consider exposing JMeter plugins via META-INF/services, and add JMeter-Skip-Class-Scanning=true manifest attribute so JMeter can skip classfile scanning
2024-04-18 10:46:06,777 INFO o.a.j.r.ClassFinder: Will scan jar /Users/sadashivbyagi/Documents/Jmeter/apache-jmeter-5.6.2/lib/ext/jmeter-plugins-casutg-2.10.jar with filter ExtendsClassFilter [parents=[interface org.apache.jmeter.visualizers.RequestView], inner=false, contains=null, notContains=null]. Consider exposing JMeter plugins via META-INF/services, and add JMeter-Skip-Class-Scanning=true manifest attribute so JMeter can skip classfile scanning
2024-04-18 10:46:06,777 INFO o.a.j.r.ClassFinder: Will scan jar /Users/sadashivbyagi/Documents/Jmeter/apache-jmeter-5.6.2/lib/ext/jmeter-plugins-manager-1.10.jar with filter ExtendsClassFilter [parents=[interface org.apache.jmeter.visualizers.RequestView], inner=false, contains=null, notContains=null]. Consider exposing JMeter plugins via META-INF/services, and add JMeter-Skip-Class-Scanning=true manifest attribute so JMeter can skip classfile scanning
2024-04-18 10:46:06,778 INFO o.a.j.r.ClassFinder: Will scan jar /Users/sadashivbyagi/Documents/Jmeter/apache-jmeter-5.6.2/lib/ext/jmeter-plugins-hadoop-2.0.jar with filter ExtendsClassFilter [parents=[interface org.apache.jmeter.visualizers.RequestView], inner=false, contains=null, notContains=null]. Consider exposing JMeter plugins via META-INF/services, and add JMeter-Skip-Class-Scanning=true manifest attribute so JMeter can skip classfile scanning
